mode: set
github.com/everyday-items/toolkit/util/hash/hash.go:15.30,18.2 2 1
github.com/everyday-items/toolkit/util/hash/hash.go:21.35,24.2 2 1
github.com/everyday-items/toolkit/util/hash/hash.go:27.31,30.2 2 1
github.com/everyday-items/toolkit/util/hash/hash.go:33.36,36.2 2 1
github.com/everyday-items/toolkit/util/hash/hash.go:39.33,42.2 2 1
github.com/everyday-items/toolkit/util/hash/hash.go:45.38,48.2 2 1
github.com/everyday-items/toolkit/util/hash/hash.go:51.33,54.2 2 1
github.com/everyday-items/toolkit/util/hash/hash.go:57.38,60.2 2 1
github.com/everyday-items/toolkit/util/hash/hash.go:63.50,65.2 1 1
github.com/everyday-items/toolkit/util/hash/hash.go:68.68,70.52 1 1
github.com/everyday-items/toolkit/util/hash/hash.go:70.52,72.3 1 1
github.com/everyday-items/toolkit/util/hash/hash.go:74.2,75.16 2 1
github.com/everyday-items/toolkit/util/hash/hash.go:75.16,77.3 1 1
github.com/everyday-items/toolkit/util/hash/hash.go:78.2,78.27 1 1
github.com/everyday-items/toolkit/util/hash/hash.go:82.46,85.2 2 1
github.com/everyday-items/toolkit/util/hash/hash.go:88.45,90.16 2 1
github.com/everyday-items/toolkit/util/hash/hash.go:90.16,91.13 1 0
github.com/everyday-items/toolkit/util/hash/hash.go:93.2,93.13 1 1
