mode: atomic
github.com/everyday-items/toolkit/infra/db/redis/config.go:55.41,71.2 1 39
github.com/everyday-items/toolkit/infra/db/redis/config.go:74.51,89.2 1 2
github.com/everyday-items/toolkit/infra/db/redis/config.go:92.51,107.2 1 36
github.com/everyday-items/toolkit/infra/db/redis/config.go:110.59,124.2 1 1
github.com/everyday-items/toolkit/infra/db/redis/config.go:139.57,141.2 0 1
github.com/everyday-items/toolkit/infra/db/redis/config.go:144.51,146.2 0 1
github.com/everyday-items/toolkit/infra/db/redis/lock.go:31.88,38.2 1 36
github.com/everyday-items/toolkit/infra/db/redis/lock.go:41.51,43.16 2 57
github.com/everyday-items/toolkit/infra/db/redis/lock.go:43.16,45.3 1 1
github.com/everyday-items/toolkit/infra/db/redis/lock.go:47.2,47.9 1 56
github.com/everyday-items/toolkit/infra/db/redis/lock.go:47.9,49.3 1 30
github.com/everyday-items/toolkit/infra/db/redis/lock.go:51.2,51.12 1 26
github.com/everyday-items/toolkit/infra/db/redis/lock.go:55.105,56.34 1 13
github.com/everyday-items/toolkit/infra/db/redis/lock.go:56.34,58.17 2 40
github.com/everyday-items/toolkit/infra/db/redis/lock.go:58.17,60.4 1 11
github.com/everyday-items/toolkit/infra/db/redis/lock.go:62.3,62.27 1 29
github.com/everyday-items/toolkit/infra/db/redis/lock.go:62.27,64.4 1 1
github.com/everyday-items/toolkit/infra/db/redis/lock.go:66.3,66.10 1 28
github.com/everyday-items/toolkit/infra/db/redis/lock.go:67.21,68.20 1 0
github.com/everyday-items/toolkit/infra/db/redis/lock.go:69.36,69.36 0 28
github.com/everyday-items/toolkit/infra/db/redis/lock.go:74.2,74.22 1 1
github.com/everyday-items/toolkit/infra/db/redis/lock.go:78.51,89.16 3 15
github.com/everyday-items/toolkit/infra/db/redis/lock.go:89.16,91.3 1 0
github.com/everyday-items/toolkit/infra/db/redis/lock.go:93.2,93.24 1 15
github.com/everyday-items/toolkit/infra/db/redis/lock.go:93.24,95.3 1 2
github.com/everyday-items/toolkit/infra/db/redis/lock.go:97.2,97.12 1 13
github.com/everyday-items/toolkit/infra/db/redis/lock.go:101.51,113.16 4 3
github.com/everyday-items/toolkit/infra/db/redis/lock.go:113.16,115.3 1 0
github.com/everyday-items/toolkit/infra/db/redis/lock.go:117.2,117.24 1 3
github.com/everyday-items/toolkit/infra/db/redis/lock.go:117.24,119.3 1 2
github.com/everyday-items/toolkit/infra/db/redis/lock.go:121.2,121.12 1 1
github.com/everyday-items/toolkit/infra/db/redis/lock.go:125.64,127.16 2 2
github.com/everyday-items/toolkit/infra/db/redis/lock.go:127.16,129.3 1 0
github.com/everyday-items/toolkit/infra/db/redis/lock.go:131.2,131.13 1 2
github.com/everyday-items/toolkit/infra/db/redis/lock.go:131.13,133.3 1 1
github.com/everyday-items/toolkit/infra/db/redis/lock.go:135.2,135.17 1 1
github.com/everyday-items/toolkit/infra/db/redis/lock.go:139.33,143.2 3 38
github.com/everyday-items/toolkit/infra/db/redis/lock.go:146.127,150.42 2 3
github.com/everyday-items/toolkit/infra/db/redis/lock.go:150.42,152.3 1 1
github.com/everyday-items/toolkit/infra/db/redis/lock.go:155.2,155.15 1 2
github.com/everyday-items/toolkit/infra/db/redis/lock.go:155.15,159.3 3 2
github.com/everyday-items/toolkit/infra/db/redis/lock.go:162.2,162.13 1 2
github.com/everyday-items/toolkit/infra/db/redis/redis.go:25.44,27.23 2 0
github.com/everyday-items/toolkit/infra/db/redis/redis.go:27.23,30.17 3 0
github.com/everyday-items/toolkit/infra/db/redis/redis.go:30.17,32.4 1 0
github.com/everyday-items/toolkit/infra/db/redis/redis.go:33.3,33.24 1 0
github.com/everyday-items/toolkit/infra/db/redis/redis.go:36.2,36.16 1 0
github.com/everyday-items/toolkit/infra/db/redis/redis.go:36.16,38.3 1 0
github.com/everyday-items/toolkit/infra/db/redis/redis.go:40.2,43.8 1 0
github.com/everyday-items/toolkit/infra/db/redis/redis.go:47.40,49.2 1 1
github.com/everyday-items/toolkit/infra/db/redis/redis.go:52.43,53.19 1 37
github.com/everyday-items/toolkit/infra/db/redis/redis.go:53.19,55.3 1 1
github.com/everyday-items/toolkit/infra/db/redis/redis.go:57.2,58.16 2 36
github.com/everyday-items/toolkit/infra/db/redis/redis.go:58.16,60.3 1 1
github.com/everyday-items/toolkit/infra/db/redis/redis.go:62.2,65.8 1 35
github.com/everyday-items/toolkit/infra/db/redis/redis.go:69.72,72.21 2 36
github.com/everyday-items/toolkit/infra/db/redis/redis.go:73.18,74.53 1 35
github.com/everyday-items/toolkit/infra/db/redis/redis.go:76.19,77.61 1 0
github.com/everyday-items/toolkit/infra/db/redis/redis.go:79.20,93.5 1 0
github.com/everyday-items/toolkit/infra/db/redis/redis.go:95.10,96.68 1 1
github.com/everyday-items/toolkit/infra/db/redis/redis.go:100.2,103.47 3 35
github.com/everyday-items/toolkit/infra/db/redis/redis.go:103.47,105.27 2 0
github.com/everyday-items/toolkit/infra/db/redis/redis.go:105.27,107.4 1 0
github.com/everyday-items/toolkit/infra/db/redis/redis.go:108.3,108.58 1 0
github.com/everyday-items/toolkit/infra/db/redis/redis.go:111.2,111.26 1 35
github.com/everyday-items/toolkit/infra/db/redis/redis.go:111.26,113.3 1 0
github.com/everyday-items/toolkit/infra/db/redis/redis.go:115.2,115.20 1 35
github.com/everyday-items/toolkit/infra/db/redis/redis.go:119.52,120.42 1 3
github.com/everyday-items/toolkit/infra/db/redis/redis.go:120.42,122.3 1 1
github.com/everyday-items/toolkit/infra/db/redis/redis.go:124.2,124.42 1 2
github.com/everyday-items/toolkit/infra/db/redis/redis.go:124.42,126.3 1 1
github.com/everyday-items/toolkit/infra/db/redis/redis.go:128.2,128.12 1 1
github.com/everyday-items/toolkit/infra/db/redis/redis.go:132.94,134.16 2 2
github.com/everyday-items/toolkit/infra/db/redis/redis.go:134.16,136.3 1 1
github.com/everyday-items/toolkit/infra/db/redis/redis.go:137.2,137.12 1 1
github.com/everyday-items/toolkit/infra/db/redis/redis.go:141.108,143.2 1 1
github.com/everyday-items/toolkit/infra/db/redis/redis.go:146.108,148.2 1 2
github.com/everyday-items/toolkit/infra/db/redis/redis.go:151.110,153.2 1 3
github.com/everyday-items/toolkit/infra/db/redis/redis.go:156.81,158.2 1 1
github.com/everyday-items/toolkit/infra/db/redis/redis.go:161.71,163.2 1 1
github.com/everyday-items/toolkit/infra/db/redis/redis.go:166.122,171.42 4 2
github.com/everyday-items/toolkit/infra/db/redis/redis.go:171.42,173.3 1 0
github.com/everyday-items/toolkit/infra/db/redis/redis.go:175.2,175.27 1 2
github.com/everyday-items/toolkit/infra/db/redis/redis.go:179.82,181.2 1 2
github.com/everyday-items/toolkit/infra/db/redis/redis.go:184.72,186.2 1 1
github.com/everyday-items/toolkit/infra/db/redis/redis.go:189.83,191.2 1 1
github.com/everyday-items/toolkit/infra/db/redis/redis.go:194.81,196.2 1 2
github.com/everyday-items/toolkit/infra/db/redis/redis.go:199.32,200.42 1 36
github.com/everyday-items/toolkit/infra/db/redis/redis.go:200.42,202.3 1 1
github.com/everyday-items/toolkit/infra/db/redis/redis.go:203.2,203.34 1 35
github.com/everyday-items/toolkit/infra/db/redis/redis.go:207.43,208.42 1 2
github.com/everyday-items/toolkit/infra/db/redis/redis.go:208.42,210.3 1 1
github.com/everyday-items/toolkit/infra/db/redis/redis.go:211.2,211.22 1 1
